
*** Running vivado
    with args -log figura3_3_wrapper.vds -m64 -product Vivado -mode batch -messageDb vivado.pb -notrace -source figura3_3_wrapper.tcl



****** Vivado v2022.2 (64-bit)
  **** SW Build 3671981 on Fri Oct 14 05:00:03 MDT 2022
  **** IP Build 3669848 on Fri Oct 14 08:30:02 MDT 2022
    ** Copyright 1986-2022 Xilinx, Inc. All Rights Reserved.

source figura3_3_wrapper.tcl -notrace
create_project: Time (s): cpu = 00:00:06 ; elapsed = 00:00:06 . Memory (MB): peak = 380.918 ; gain = 45.324
INFO: [IP_Flow 19-234] Refreshing IP repositories
INFO: [IP_Flow 19-1704] No user IP repositories specified
INFO: [IP_Flow 19-2313] Loaded Vivado IP repository 'C:/Xilinx/Vivado/2022.2/data/ip'.
Command: read_checkpoint -auto_incremental -incremental C:/Users/sf/Desktop/emma/an2/sem2/soc/lab3/project/project/project.srcs/utils_1/imports/synth_1/figura3_3_wrapper.dcp
INFO: [Vivado 12-5825] Read reference checkpoint from C:/Users/sf/Desktop/emma/an2/sem2/soc/lab3/project/project/project.srcs/utils_1/imports/synth_1/figura3_3_wrapper.dcp for incremental synthesis
INFO: [Vivado 12-7989] Please ensure there are no constraint changes
Command: synth_design -top figura3_3_wrapper -part xc7a100tcsg324-1
Starting synth_design
Attempting to get a license for feature 'Synthesis' and/or device 'xc7a100t'
INFO: [Common 17-349] Got license for feature 'Synthesis' and/or device 'xc7a100t'
INFO: [Device 21-403] Loading part xc7a100tcsg324-1
INFO: [Designutils 20-5440] No compile time benefit to using incremental synthesis; A full resynthesis will be run
INFO: [Designutils 20-4379] Flow is switching to default flow due to incremental criteria not met. If you would like to alter this behaviour and have the flow terminate instead, please set the following parameter config_implementation {autoIncr.Synth.RejectBehavior Terminate}
INFO: [Synth 8-7079] Multithreading enabled for synth_design using a maximum of 2 processes.
INFO: [Synth 8-7078] Launching helper process for spawning children vivado processes
INFO: [Synth 8-7075] Helper process launched with PID 15732
INFO: [Synth 8-11241] undeclared symbol 'REGCCE', assumed default net type 'wire' [C:/Xilinx/Vivado/2022.2/data/verilog/src/unimacro/BRAM_SINGLE_MACRO.v:2170]
---------------------------------------------------------------------------------
Starting RTL Elaboration : Time (s): cpu = 00:00:05 ; elapsed = 00:00:06 . Memory (MB): peak = 1218.715 ; gain = 407.219
---------------------------------------------------------------------------------
INFO: [Synth 8-6157] synthesizing module 'figura3_3_wrapper' [C:/Users/sf/Desktop/emma/an2/sem2/soc/lab3/project/project/project.gen/sources_1/bd/figura3_3/hdl/figura3_3_wrapper.v:12]
INFO: [Synth 8-6157] synthesizing module 'figura3_3' [c:/Users/sf/Desktop/emma/an2/sem2/soc/lab3/project/project/project.gen/sources_1/bd/figura3_3/synth/figura3_3.v:12]
INFO: [Synth 8-6157] synthesizing module 'figura3_3_afisare_7seg_0_0' [C:/Users/sf/Desktop/emma/an2/sem2/soc/lab3/project/project/project.runs/synth_1/.Xil/Vivado-9296-DESKTOP-QSTS0EO/realtime/figura3_3_afisare_7seg_0_0_stub.v:5]
INFO: [Synth 8-6155] done synthesizing module 'figura3_3_afisare_7seg_0_0' (0#1) [C:/Users/sf/Desktop/emma/an2/sem2/soc/lab3/project/project/project.runs/synth_1/.Xil/Vivado-9296-DESKTOP-QSTS0EO/realtime/figura3_3_afisare_7seg_0_0_stub.v:5]
INFO: [Synth 8-6157] synthesizing module 'figura3_3_bin2bcd_0_0' [C:/Users/sf/Desktop/emma/an2/sem2/soc/lab3/project/project/project.runs/synth_1/.Xil/Vivado-9296-DESKTOP-QSTS0EO/realtime/figura3_3_bin2bcd_0_0_stub.v:5]
INFO: [Synth 8-6155] done synthesizing module 'figura3_3_bin2bcd_0_0' (0#1) [C:/Users/sf/Desktop/emma/an2/sem2/soc/lab3/project/project/project.runs/synth_1/.Xil/Vivado-9296-DESKTOP-QSTS0EO/realtime/figura3_3_bin2bcd_0_0_stub.v:5]
INFO: [Synth 8-6157] synthesizing module 'figura3_3_bin2bcd_1_0' [C:/Users/sf/Desktop/emma/an2/sem2/soc/lab3/project/project/project.runs/synth_1/.Xil/Vivado-9296-DESKTOP-QSTS0EO/realtime/figura3_3_bin2bcd_1_0_stub.v:5]
INFO: [Synth 8-6155] done synthesizing module 'figura3_3_bin2bcd_1_0' (0#1) [C:/Users/sf/Desktop/emma/an2/sem2/soc/lab3/project/project/project.runs/synth_1/.Xil/Vivado-9296-DESKTOP-QSTS0EO/realtime/figura3_3_bin2bcd_1_0_stub.v:5]
INFO: [Synth 8-6157] synthesizing module 'figura3_3_binary_counter_0_0' [C:/Users/sf/Desktop/emma/an2/sem2/soc/lab3/project/project/project.runs/synth_1/.Xil/Vivado-9296-DESKTOP-QSTS0EO/realtime/figura3_3_binary_counter_0_0_stub.v:5]
INFO: [Synth 8-6155] done synthesizing module 'figura3_3_binary_counter_0_0' (0#1) [C:/Users/sf/Desktop/emma/an2/sem2/soc/lab3/project/project/project.runs/synth_1/.Xil/Vivado-9296-DESKTOP-QSTS0EO/realtime/figura3_3_binary_counter_0_0_stub.v:5]
WARNING: [Synth 8-7071] port 'carry_out' of module 'figura3_3_binary_counter_0_0' is unconnected for instance 'binary_counter_0' [c:/Users/sf/Desktop/emma/an2/sem2/soc/lab3/project/project/project.gen/sources_1/bd/figura3_3/synth/figura3_3.v:70]
WARNING: [Synth 8-7023] instance 'binary_counter_0' of module 'figura3_3_binary_counter_0_0' has 5 connections declared, but only 4 given [c:/Users/sf/Desktop/emma/an2/sem2/soc/lab3/project/project/project.gen/sources_1/bd/figura3_3/synth/figura3_3.v:70]
INFO: [Synth 8-6157] synthesizing module 'figura3_3_binary_counter_1_0' [C:/Users/sf/Desktop/emma/an2/sem2/soc/lab3/project/project/project.runs/synth_1/.Xil/Vivado-9296-DESKTOP-QSTS0EO/realtime/figura3_3_binary_counter_1_0_stub.v:5]
INFO: [Synth 8-6155] done synthesizing module 'figura3_3_binary_counter_1_0' (0#1) [C:/Users/sf/Desktop/emma/an2/sem2/soc/lab3/project/project/project.runs/synth_1/.Xil/Vivado-9296-DESKTOP-QSTS0EO/realtime/figura3_3_binary_counter_1_0_stub.v:5]
INFO: [Synth 8-6157] synthesizing module 'figura3_3_divizor_de_ceas_0_0' [C:/Users/sf/Desktop/emma/an2/sem2/soc/lab3/project/project/project.runs/synth_1/.Xil/Vivado-9296-DESKTOP-QSTS0EO/realtime/figura3_3_divizor_de_ceas_0_0_stub.v:5]
INFO: [Synth 8-6155] done synthesizing module 'figura3_3_divizor_de_ceas_0_0' (0#1) [C:/Users/sf/Desktop/emma/an2/sem2/soc/lab3/project/project/project.runs/synth_1/.Xil/Vivado-9296-DESKTOP-QSTS0EO/realtime/figura3_3_divizor_de_ceas_0_0_stub.v:5]
INFO: [Synth 8-6155] done synthesizing module 'figura3_3' (0#1) [c:/Users/sf/Desktop/emma/an2/sem2/soc/lab3/project/project/project.gen/sources_1/bd/figura3_3/synth/figura3_3.v:12]
INFO: [Synth 8-6155] done synthesizing module 'figura3_3_wrapper' (0#1) [C:/Users/sf/Desktop/emma/an2/sem2/soc/lab3/project/project/project.gen/sources_1/bd/figura3_3/hdl/figura3_3_wrapper.v:12]
---------------------------------------------------------------------------------
Finished RTL Elaboration : Time (s): cpu = 00:00:06 ; elapsed = 00:00:07 . Memory (MB): peak = 1309.133 ; gain = 497.637
---------------------------------------------------------------------------------
---------------------------------------------------------------------------------
Start Handling Custom Attributes
---------------------------------------------------------------------------------
---------------------------------------------------------------------------------
Finished Handling Custom Attributes : Time (s): cpu = 00:00:06 ; elapsed = 00:00:08 . Memory (MB): peak = 1309.133 ; gain = 497.637
---------------------------------------------------------------------------------
---------------------------------------------------------------------------------
Finished RTL Optimization Phase 1 : Time (s): cpu = 00:00:06 ; elapsed = 00:00:08 . Memory (MB): peak = 1309.133 ; gain = 497.637
---------------------------------------------------------------------------------
Netlist sorting complete. Time (s): cpu = 00:00:00 ; elapsed = 00:00:00 . Memory (MB): peak = 1309.133 ; gain = 0.000
INFO: [Project 1-570] Preparing netlist for logic optimization

Processing XDC Constraints
Initializing timing engine
Parsing XDC File [c:/Users/sf/Desktop/emma/an2/sem2/soc/lab3/project/project/project.gen/sources_1/bd/figura3_3/ip/figura3_3_bin2bcd_0_0/figura3_3_bin2bcd_0_0/figura3_3_bin2bcd_0_0_in_context.xdc] for cell 'figura3_3_i/bin2bcd_0'
Finished Parsing XDC File [c:/Users/sf/Desktop/emma/an2/sem2/soc/lab3/project/project/project.gen/sources_1/bd/figura3_3/ip/figura3_3_bin2bcd_0_0/figura3_3_bin2bcd_0_0/figura3_3_bin2bcd_0_0_in_context.xdc] for cell 'figura3_3_i/bin2bcd_0'
Parsing XDC File [c:/Users/sf/Desktop/emma/an2/sem2/soc/lab3/project/project/project.gen/sources_1/bd/figura3_3/ip/figura3_3_bin2bcd_1_0/figura3_3_bin2bcd_1_0/figura3_3_bin2bcd_1_0_in_context.xdc] for cell 'figura3_3_i/bin2bcd_1'
Finished Parsing XDC File [c:/Users/sf/Desktop/emma/an2/sem2/soc/lab3/project/project/project.gen/sources_1/bd/figura3_3/ip/figura3_3_bin2bcd_1_0/figura3_3_bin2bcd_1_0/figura3_3_bin2bcd_1_0_in_context.xdc] for cell 'figura3_3_i/bin2bcd_1'
Parsing XDC File [c:/Users/sf/Desktop/emma/an2/sem2/soc/lab3/project/project/project.gen/sources_1/bd/figura3_3/ip/figura3_3_divizor_de_ceas_0_0/figura3_3_divizor_de_ceas_0_0/figura3_3_divizor_de_ceas_0_0_in_context.xdc] for cell 'figura3_3_i/divizor_de_ceas_0'
Finished Parsing XDC File [c:/Users/sf/Desktop/emma/an2/sem2/soc/lab3/project/project/project.gen/sources_1/bd/figura3_3/ip/figura3_3_divizor_de_ceas_0_0/figura3_3_divizor_de_ceas_0_0/figura3_3_divizor_de_ceas_0_0_in_context.xdc] for cell 'figura3_3_i/divizor_de_ceas_0'
Parsing XDC File [c:/Users/sf/Desktop/emma/an2/sem2/soc/lab3/project/project/project.gen/sources_1/bd/figura3_3/ip/figura3_3_binary_counter_0_0/figura3_3_binary_counter_0_0/figura3_3_binary_counter_0_0_in_context.xdc] for cell 'figura3_3_i/binary_counter_0'
Finished Parsing XDC File [c:/Users/sf/Desktop/emma/an2/sem2/soc/lab3/project/project/project.gen/sources_1/bd/figura3_3/ip/figura3_3_binary_counter_0_0/figura3_3_binary_counter_0_0/figura3_3_binary_counter_0_0_in_context.xdc] for cell 'figura3_3_i/binary_counter_0'
Parsing XDC File [c:/Users/sf/Desktop/emma/an2/sem2/soc/lab3/project/project/project.gen/sources_1/bd/figura3_3/ip/figura3_3_binary_counter_1_0/figura3_3_binary_counter_1_0/figura3_3_binary_counter_1_0_in_context.xdc] for cell 'figura3_3_i/binary_counter_1'
Finished Parsing XDC File [c:/Users/sf/Desktop/emma/an2/sem2/soc/lab3/project/project/project.gen/sources_1/bd/figura3_3/ip/figura3_3_binary_counter_1_0/figura3_3_binary_counter_1_0/figura3_3_binary_counter_1_0_in_context.xdc] for cell 'figura3_3_i/binary_counter_1'
Parsing XDC File [c:/Users/sf/Desktop/emma/an2/sem2/soc/lab3/project/project/project.gen/sources_1/bd/figura3_3/ip/figura3_3_afisare_7seg_0_0/figura3_3_afisare_7seg_0_0/figura3_3_afisare_7seg_0_0_in_context.xdc] for cell 'figura3_3_i/afisare_7seg_0'
Finished Parsing XDC File [c:/Users/sf/Desktop/emma/an2/sem2/soc/lab3/project/project/project.gen/sources_1/bd/figura3_3/ip/figura3_3_afisare_7seg_0_0/figura3_3_afisare_7seg_0_0/figura3_3_afisare_7seg_0_0_in_context.xdc] for cell 'figura3_3_i/afisare_7seg_0'
Parsing XDC File [C:/Users/sf/Desktop/emma/an2/sem2/soc/lab3/project/project/Nexys4DDR_Master.xdc]
Finished Parsing XDC File [C:/Users/sf/Desktop/emma/an2/sem2/soc/lab3/project/project/Nexys4DDR_Master.xdc]
INFO: [Project 1-236] Implementation specific constraints were found while reading constraint file [C:/Users/sf/Desktop/emma/an2/sem2/soc/lab3/project/project/Nexys4DDR_Master.xdc]. These constraints will be ignored for synthesis but will be used in implementation. Impacted constraints are listed in the file [.Xil/figura3_3_wrapper_propImpl.xdc].
Resolution: To avoid this warning, move constraints listed in [.Xil/figura3_3_wrapper_propImpl.xdc] to another XDC file and exclude this new file from synthesis with the used_in_synthesis property (File Properties dialog in GUI) and re-run elaboration/synthesis.
Parsing XDC File [C:/Users/sf/Desktop/emma/an2/sem2/soc/lab3/project/project/project.runs/synth_1/dont_touch.xdc]
Finished Parsing XDC File [C:/Users/sf/Desktop/emma/an2/sem2/soc/lab3/project/project/project.runs/synth_1/dont_touch.xdc]
Completed Processing XDC Constraints

Netlist sorting complete. Time (s): cpu = 00:00:00 ; elapsed = 00:00:00 . Memory (MB): peak = 1309.133 ; gain = 0.000
INFO: [Project 1-111] Unisim Transformation Summary:
No Unisim elements were transformed.

Constraint Validation Runtime : Time (s): cpu = 00:00:00 ; elapsed = 00:00:00.003 . Memory (MB): peak = 1309.133 ; gain = 0.000
INFO: [Designutils 20-5440] No compile time benefit to using incremental synthesis; A full resynthesis will be run
INFO: [Designutils 20-4379] Flow is switching to default flow due to incremental criteria not met. If you would like to alter this behaviour and have the flow terminate instead, please set the following parameter config_implementation {autoIncr.Synth.RejectBehavior Terminate}
INFO: [Synth 8-11241] undeclared symbol 'REGCCE', assumed default net type 'wire' [C:/Xilinx/Vivado/2022.2/data/verilog/src/unimacro/BRAM_SINGLE_MACRO.v:2170]
---------------------------------------------------------------------------------
Finished Constraint Validation : Time (s): cpu = 00:00:14 ; elapsed = 00:00:16 . Memory (MB): peak = 1309.133 ; gain = 497.637
---------------------------------------------------------------------------------
---------------------------------------------------------------------------------
Start Loading Part and Timing Information
---------------------------------------------------------------------------------
Loading part: xc7a100tcsg324-1
---------------------------------------------------------------------------------
Finished Loading Part and Timing Information : Time (s): cpu = 00:00:14 ; elapsed = 00:00:16 . Memory (MB): peak = 1309.133 ; gain = 497.637
---------------------------------------------------------------------------------
---------------------------------------------------------------------------------
Start Applying 'set_property' XDC Constraints
---------------------------------------------------------------------------------
Applied set_property KEEP_HIERARCHY = SOFT for figura3_3_i. (constraint file  auto generated constraint).
Applied set_property KEEP_HIERARCHY = SOFT for figura3_3_i/bin2bcd_0. (constraint file  auto generated constraint).
Applied set_property KEEP_HIERARCHY = SOFT for figura3_3_i/bin2bcd_1. (constraint file  auto generated constraint).
Applied set_property KEEP_HIERARCHY = SOFT for figura3_3_i/divizor_de_ceas_0. (constraint file  auto generated constraint).
Applied set_property KEEP_HIERARCHY = SOFT for figura3_3_i/binary_counter_0. (constraint file  auto generated constraint).
Applied set_property KEEP_HIERARCHY = SOFT for figura3_3_i/binary_counter_1. (constraint file  auto generated constraint).
Applied set_property KEEP_HIERARCHY = SOFT for figura3_3_i/afisare_7seg_0. (constraint file  auto generated constraint).
---------------------------------------------------------------------------------
Finished applying 'set_property' XDC Constraints : Time (s): cpu = 00:00:14 ; elapsed = 00:00:16 . Memory (MB): peak = 1309.133 ; gain = 497.637
---------------------------------------------------------------------------------
---------------------------------------------------------------------------------
Finished RTL Optimization Phase 2 : Time (s): cpu = 00:00:14 ; elapsed = 00:00:16 . Memory (MB): peak = 1309.133 ; gain = 497.637
---------------------------------------------------------------------------------
---------------------------------------------------------------------------------
Start RTL Component Statistics 
---------------------------------------------------------------------------------
Detailed RTL Component Info : 
---------------------------------------------------------------------------------
Finished RTL Component Statistics 
---------------------------------------------------------------------------------
---------------------------------------------------------------------------------
Start Part Resource Summary
---------------------------------------------------------------------------------
Part Resources:
DSPs: 240 (col length:80)
BRAMs: 270 (col length: RAMB18 80 RAMB36 40)
---------------------------------------------------------------------------------
Finished Part Resource Summary
---------------------------------------------------------------------------------
---------------------------------------------------------------------------------
Start Cross Boundary and Area Optimization
---------------------------------------------------------------------------------
WARNING: [Synth 8-7080] Parallel synthesis criteria is not met
---------------------------------------------------------------------------------
Finished Cross Boundary and Area Optimization : Time (s): cpu = 00:00:16 ; elapsed = 00:00:18 . Memory (MB): peak = 1309.133 ; gain = 497.637
---------------------------------------------------------------------------------
---------------------------------------------------------------------------------
Start Applying XDC Timing Constraints
---------------------------------------------------------------------------------
---------------------------------------------------------------------------------
Finished Applying XDC Timing Constraints : Time (s): cpu = 00:00:22 ; elapsed = 00:00:24 . Memory (MB): peak = 1309.133 ; gain = 497.637
---------------------------------------------------------------------------------
---------------------------------------------------------------------------------
Start Timing Optimization
---------------------------------------------------------------------------------
---------------------------------------------------------------------------------
Finished Timing Optimization : Time (s): cpu = 00:00:22 ; elapsed = 00:00:24 . Memory (MB): peak = 1309.133 ; gain = 497.637
---------------------------------------------------------------------------------
---------------------------------------------------------------------------------
Start Technology Mapping
---------------------------------------------------------------------------------
---------------------------------------------------------------------------------
Finished Technology Mapping : Time (s): cpu = 00:00:22 ; elapsed = 00:00:24 . Memory (MB): peak = 1314.500 ; gain = 503.004
---------------------------------------------------------------------------------
---------------------------------------------------------------------------------
Start IO Insertion
---------------------------------------------------------------------------------
---------------------------------------------------------------------------------
Start Flattening Before IO Insertion
---------------------------------------------------------------------------------
---------------------------------------------------------------------------------
Finished Flattening Before IO Insertion
---------------------------------------------------------------------------------
---------------------------------------------------------------------------------
Start Final Netlist Cleanup
---------------------------------------------------------------------------------
---------------------------------------------------------------------------------
Finished Final Netlist Cleanup
---------------------------------------------------------------------------------
---------------------------------------------------------------------------------
Finished IO Insertion : Time (s): cpu = 00:00:26 ; elapsed = 00:00:29 . Memory (MB): peak = 1321.246 ; gain = 509.750
---------------------------------------------------------------------------------
---------------------------------------------------------------------------------
Start Renaming Generated Instances
---------------------------------------------------------------------------------
---------------------------------------------------------------------------------
Finished Renaming Generated Instances : Time (s): cpu = 00:00:26 ; elapsed = 00:00:29 . Memory (MB): peak = 1321.246 ; gain = 509.750
---------------------------------------------------------------------------------
---------------------------------------------------------------------------------
Start Rebuilding User Hierarchy
---------------------------------------------------------------------------------
---------------------------------------------------------------------------------
Finished Rebuilding User Hierarchy : Time (s): cpu = 00:00:26 ; elapsed = 00:00:29 . Memory (MB): peak = 1321.246 ; gain = 509.750
---------------------------------------------------------------------------------
---------------------------------------------------------------------------------
Start Renaming Generated Ports
---------------------------------------------------------------------------------
---------------------------------------------------------------------------------
Finished Renaming Generated Ports : Time (s): cpu = 00:00:26 ; elapsed = 00:00:29 . Memory (MB): peak = 1321.246 ; gain = 509.750
---------------------------------------------------------------------------------
---------------------------------------------------------------------------------
Start Handling Custom Attributes
---------------------------------------------------------------------------------
---------------------------------------------------------------------------------
Finished Handling Custom Attributes : Time (s): cpu = 00:00:26 ; elapsed = 00:00:29 . Memory (MB): peak = 1321.246 ; gain = 509.750
---------------------------------------------------------------------------------
---------------------------------------------------------------------------------
Start Renaming Generated Nets
---------------------------------------------------------------------------------
---------------------------------------------------------------------------------
Finished Renaming Generated Nets : Time (s): cpu = 00:00:26 ; elapsed = 00:00:29 . Memory (MB): peak = 1321.246 ; gain = 509.750
---------------------------------------------------------------------------------
---------------------------------------------------------------------------------
Start Writing Synthesis Report
---------------------------------------------------------------------------------

Report BlackBoxes: 
+------+------------------------------+----------+
|      |BlackBox name                 |Instances |
+------+------------------------------+----------+
|1     |figura3_3_afisare_7seg_0_0    |         1|
|2     |figura3_3_bin2bcd_0_0         |         1|
|3     |figura3_3_bin2bcd_1_0         |         1|
|4     |figura3_3_binary_counter_0_0  |         1|
|5     |figura3_3_binary_counter_1_0  |         1|
|6     |figura3_3_divizor_de_ceas_0_0 |         1|
+------+------------------------------+----------+

Report Cell Usage: 
+------+----------------------------+------+
|      |Cell                        |Count |
+------+----------------------------+------+
|1     |figura3_3_afisare_7seg_0    |     1|
|2     |figura3_3_bin2bcd_0         |     1|
|3     |figura3_3_bin2bcd_1         |     1|
|4     |figura3_3_binary_counter_0  |     1|
|5     |figura3_3_binary_counter_1  |     1|
|6     |figura3_3_divizor_de_ceas_0 |     1|
|7     |IBUF                        |     3|
|8     |OBUF                        |    17|
+------+----------------------------+------+
---------------------------------------------------------------------------------
Finished Writing Synthesis Report : Time (s): cpu = 00:00:26 ; elapsed = 00:00:29 . Memory (MB): peak = 1321.246 ; gain = 509.750
---------------------------------------------------------------------------------
Synthesis finished with 0 errors, 0 critical warnings and 1 warnings.
Synthesis Optimization Runtime : Time (s): cpu = 00:00:18 ; elapsed = 00:00:27 . Memory (MB): peak = 1321.246 ; gain = 509.750
Synthesis Optimization Complete : Time (s): cpu = 00:00:26 ; elapsed = 00:00:29 . Memory (MB): peak = 1321.246 ; gain = 509.750
INFO: [Project 1-571] Translating synthesized netlist
Netlist sorting complete. Time (s): cpu = 00:00:00 ; elapsed = 00:00:00 . Memory (MB): peak = 1333.363 ; gain = 0.000
INFO: [Project 1-570] Preparing netlist for logic optimization
INFO: [Opt 31-138] Pushed 0 inverter(s) to 0 load pin(s).
Netlist sorting complete. Time (s): cpu = 00:00:00 ; elapsed = 00:00:00 . Memory (MB): peak = 1338.941 ; gain = 0.000
INFO: [Project 1-111] Unisim Transformation Summary:
No Unisim elements were transformed.

Synth Design complete, checksum: a5f5997b
INFO: [Common 17-83] Releasing license: Synthesis
40 Infos, 3 Warnings, 0 Critical Warnings and 0 Errors encountered.
synth_design completed successfully
synth_design: Time (s): cpu = 00:00:30 ; elapsed = 00:00:34 . Memory (MB): peak = 1338.941 ; gain = 925.969
INFO: [Common 17-1381] The checkpoint 'C:/Users/sf/Desktop/emma/an2/sem2/soc/lab3/project/project/project.runs/synth_1/figura3_3_wrapper.dcp' has been generated.
INFO: [runtcl-4] Executing : report_utilization -file figura3_3_wrapper_utilization_synth.rpt -pb figura3_3_wrapper_utilization_synth.pb
INFO: [Common 17-206] Exiting Vivado at Thu Mar 16 16:17:02 2023...
