
*** Running vivado
    with args -log sumator16.vds -m64 -product Vivado -mode batch -messageDb vivado.pb -notrace -source sumator16.tcl



****** Vivado v2022.1 (64-bit)
  **** SW Build 3526262 on Mon Apr 18 15:48:16 MDT 2022
  **** IP Build 3524634 on Mon Apr 18 20:55:01 MDT 2022
    ** Copyright 1986-2022 Xilinx, Inc. All Rights Reserved.

source sumator16.tcl -notrace
Command: read_checkpoint -auto_incremental -incremental C:/Users/student/project_4_Denis_Mihnea/project_4_Denis_Mihnea.srcs/utils_1/imports/synth_1/sumator16.dcp
INFO: [Vivado 12-5825] Read reference checkpoint from C:/Users/student/project_4_Denis_Mihnea/project_4_Denis_Mihnea.srcs/utils_1/imports/synth_1/sumator16.dcp for incremental synthesis
INFO: [Vivado 12-7989] Please ensure there are no constraint changes
Command: synth_design -top sumator16 -part xc7a100tcsg324-1
Starting synth_design
Attempting to get a license for feature 'Synthesis' and/or device 'xc7a100t'
INFO: [Common 17-349] Got license for feature 'Synthesis' and/or device 'xc7a100t'
INFO: [Designutils 20-5440] No compile time benefit to using incremental synthesis; A full resynthesis will be run
INFO: [Designutils 20-4379] Flow is switching to default flow due to incremental criteria not met. If you would like to alter this behaviour and have the flow terminate instead, please set the following parameter config_implementation {autoIncr.Synth.RejectBehavior Terminate}
INFO: [Synth 8-7079] Multithreading enabled for synth_design using a maximum of 2 processes.
INFO: [Synth 8-7078] Launching helper process for spawning children vivado processes
INFO: [Synth 8-7075] Helper process launched with PID 1992
---------------------------------------------------------------------------------
Starting Synthesize : Time (s): cpu = 00:00:05 ; elapsed = 00:00:05 . Memory (MB): peak = 1280.695 ; gain = 0.000
---------------------------------------------------------------------------------
INFO: [Synth 8-6157] synthesizing module 'sumator16' [C:/Users/student/project_4_Denis_Mihnea/project_4_Denis_Mihnea.srcs/sources_1/new/sumator16.v:23]
INFO: [Synth 8-6157] synthesizing module 'sumator_4_biti' [C:/Users/student/project_4_Denis_Mihnea/project_4_Denis_Mihnea.srcs/sources_1/new/sumator_4_biti.v:23]
INFO: [Synth 8-6155] done synthesizing module 'sumator_4_biti' (0#1) [C:/Users/student/project_4_Denis_Mihnea/project_4_Denis_Mihnea.srcs/sources_1/new/sumator_4_biti.v:23]
WARNING: [Synth 8-689] width (4) of port connection 'G' does not match port width (1) of module 'sumator_4_biti' [C:/Users/student/project_4_Denis_Mihnea/project_4_Denis_Mihnea.srcs/sources_1/new/sumator16.v:32]
WARNING: [Synth 8-689] width (4) of port connection 'P' does not match port width (1) of module 'sumator_4_biti' [C:/Users/student/project_4_Denis_Mihnea/project_4_Denis_Mihnea.srcs/sources_1/new/sumator16.v:32]
WARNING: [Synth 8-689] width (4) of port connection 'G' does not match port width (1) of module 'sumator_4_biti' [C:/Users/student/project_4_Denis_Mihnea/project_4_Denis_Mihnea.srcs/sources_1/new/sumator16.v:35]
WARNING: [Synth 8-689] width (4) of port connection 'P' does not match port width (1) of module 'sumator_4_biti' [C:/Users/student/project_4_Denis_Mihnea/project_4_Denis_Mihnea.srcs/sources_1/new/sumator16.v:35]
WARNING: [Synth 8-689] width (4) of port connection 'G' does not match port width (1) of module 'sumator_4_biti' [C:/Users/student/project_4_Denis_Mihnea/project_4_Denis_Mihnea.srcs/sources_1/new/sumator16.v:38]
WARNING: [Synth 8-689] width (4) of port connection 'P' does not match port width (1) of module 'sumator_4_biti' [C:/Users/student/project_4_Denis_Mihnea/project_4_Denis_Mihnea.srcs/sources_1/new/sumator16.v:38]
WARNING: [Synth 8-689] width (4) of port connection 'G' does not match port width (1) of module 'sumator_4_biti' [C:/Users/student/project_4_Denis_Mihnea/project_4_Denis_Mihnea.srcs/sources_1/new/sumator16.v:41]
WARNING: [Synth 8-689] width (4) of port connection 'P' does not match port width (1) of module 'sumator_4_biti' [C:/Users/student/project_4_Denis_Mihnea/project_4_Denis_Mihnea.srcs/sources_1/new/sumator16.v:41]
INFO: [Synth 8-6155] done synthesizing module 'sumator16' (0#1) [C:/Users/student/project_4_Denis_Mihnea/project_4_Denis_Mihnea.srcs/sources_1/new/sumator16.v:23]
---------------------------------------------------------------------------------
Finished Synthesize : Time (s): cpu = 00:00:07 ; elapsed = 00:00:06 . Memory (MB): peak = 1280.695 ; gain = 0.000
---------------------------------------------------------------------------------
---------------------------------------------------------------------------------
Finished Constraint Validation : Time (s): cpu = 00:00:07 ; elapsed = 00:00:07 . Memory (MB): peak = 1280.695 ; gain = 0.000
---------------------------------------------------------------------------------
---------------------------------------------------------------------------------
Start Loading Part and Timing Information
---------------------------------------------------------------------------------
Loading part: xc7a100tcsg324-1
---------------------------------------------------------------------------------
Finished Loading Part and Timing Information : Time (s): cpu = 00:00:07 ; elapsed = 00:00:07 . Memory (MB): peak = 1280.695 ; gain = 0.000
---------------------------------------------------------------------------------
INFO: [Device 21-403] Loading part xc7a100tcsg324-1
---------------------------------------------------------------------------------
Finished RTL Optimization Phase 2 : Time (s): cpu = 00:00:07 ; elapsed = 00:00:07 . Memory (MB): peak = 1280.695 ; gain = 0.000
---------------------------------------------------------------------------------
No constraint files found.
---------------------------------------------------------------------------------
Start RTL Component Statistics 
---------------------------------------------------------------------------------
Detailed RTL Component Info : 
+---XORs : 
	   2 Input      4 Bit         XORs := 8     
---------------------------------------------------------------------------------
Finished RTL Component Statistics 
---------------------------------------------------------------------------------
---------------------------------------------------------------------------------
Start Part Resource Summary
---------------------------------------------------------------------------------
Part Resources:
DSPs: 240 (col length:80)
BRAMs: 270 (col length: RAMB18 80 RAMB36 40)
---------------------------------------------------------------------------------
Finished Part Resource Summary
---------------------------------------------------------------------------------
No constraint files found.
---------------------------------------------------------------------------------
Start Cross Boundary and Area Optimization
---------------------------------------------------------------------------------
WARNING: [Synth 8-7080] Parallel synthesis criteria is not met
---------------------------------------------------------------------------------
Finished Cross Boundary and Area Optimization : Time (s): cpu = 00:00:12 ; elapsed = 00:00:12 . Memory (MB): peak = 1280.695 ; gain = 0.000
---------------------------------------------------------------------------------
No constraint files found.
---------------------------------------------------------------------------------
Start Timing Optimization
---------------------------------------------------------------------------------
---------------------------------------------------------------------------------
Finished Timing Optimization : Time (s): cpu = 00:00:12 ; elapsed = 00:00:13 . Memory (MB): peak = 1280.695 ; gain = 0.000
---------------------------------------------------------------------------------
---------------------------------------------------------------------------------
Start Technology Mapping
---------------------------------------------------------------------------------
---------------------------------------------------------------------------------
Finished Technology Mapping : Time (s): cpu = 00:00:12 ; elapsed = 00:00:13 . Memory (MB): peak = 1280.695 ; gain = 0.000
---------------------------------------------------------------------------------
---------------------------------------------------------------------------------
Start IO Insertion
---------------------------------------------------------------------------------
---------------------------------------------------------------------------------
Start Flattening Before IO Insertion
---------------------------------------------------------------------------------
---------------------------------------------------------------------------------
Finished Flattening Before IO Insertion
---------------------------------------------------------------------------------
---------------------------------------------------------------------------------
Start Final Netlist Cleanup
---------------------------------------------------------------------------------
---------------------------------------------------------------------------------
Finished Final Netlist Cleanup
---------------------------------------------------------------------------------
---------------------------------------------------------------------------------
Finished IO Insertion : Time (s): cpu = 00:00:16 ; elapsed = 00:00:17 . Memory (MB): peak = 1280.695 ; gain = 0.000
---------------------------------------------------------------------------------
---------------------------------------------------------------------------------
Start Renaming Generated Instances
---------------------------------------------------------------------------------
---------------------------------------------------------------------------------
Finished Renaming Generated Instances : Time (s): cpu = 00:00:16 ; elapsed = 00:00:17 . Memory (MB): peak = 1280.695 ; gain = 0.000
---------------------------------------------------------------------------------
---------------------------------------------------------------------------------
Start Rebuilding User Hierarchy
---------------------------------------------------------------------------------
---------------------------------------------------------------------------------
Finished Rebuilding User Hierarchy : Time (s): cpu = 00:00:16 ; elapsed = 00:00:17 . Memory (MB): peak = 1280.695 ; gain = 0.000
---------------------------------------------------------------------------------
---------------------------------------------------------------------------------
Start Renaming Generated Ports
---------------------------------------------------------------------------------
---------------------------------------------------------------------------------
Finished Renaming Generated Ports : Time (s): cpu = 00:00:16 ; elapsed = 00:00:17 . Memory (MB): peak = 1280.695 ; gain = 0.000
---------------------------------------------------------------------------------
---------------------------------------------------------------------------------
Start Handling Custom Attributes
---------------------------------------------------------------------------------
---------------------------------------------------------------------------------
Finished Handling Custom Attributes : Time (s): cpu = 00:00:16 ; elapsed = 00:00:17 . Memory (MB): peak = 1280.695 ; gain = 0.000
---------------------------------------------------------------------------------
---------------------------------------------------------------------------------
Start Renaming Generated Nets
---------------------------------------------------------------------------------
---------------------------------------------------------------------------------
Finished Renaming Generated Nets : Time (s): cpu = 00:00:16 ; elapsed = 00:00:17 . Memory (MB): peak = 1280.695 ; gain = 0.000
---------------------------------------------------------------------------------
---------------------------------------------------------------------------------
Start Writing Synthesis Report
---------------------------------------------------------------------------------

Report BlackBoxes: 
+-+--------------+----------+
| |BlackBox name |Instances |
+-+--------------+----------+
+-+--------------+----------+

Report Cell Usage: 
+------+-----+------+
|      |Cell |Count |
+------+-----+------+
|1     |LUT2 |     6|
|2     |LUT3 |     8|
|3     |LUT4 |     4|
|4     |LUT5 |     6|
|5     |LUT6 |    13|
|6     |IBUF |    32|
|7     |OBUF |    17|
+------+-----+------+

Report Instance Areas: 
+------+---------+-------+------+
|      |Instance |Module |Cells |
+------+---------+-------+------+
|1     |top      |       |    86|
+------+---------+-------+------+
---------------------------------------------------------------------------------
Finished Writing Synthesis Report : Time (s): cpu = 00:00:16 ; elapsed = 00:00:17 . Memory (MB): peak = 1280.695 ; gain = 0.000
---------------------------------------------------------------------------------
Synthesis finished with 0 errors, 0 critical warnings and 9 warnings.
Synthesis Optimization Runtime : Time (s): cpu = 00:00:16 ; elapsed = 00:00:17 . Memory (MB): peak = 1280.695 ; gain = 0.000
Synthesis Optimization Complete : Time (s): cpu = 00:00:16 ; elapsed = 00:00:17 . Memory (MB): peak = 1280.695 ; gain = 0.000
INFO: [Project 1-571] Translating synthesized netlist
Netlist sorting complete. Time (s): cpu = 00:00:00 ; elapsed = 00:00:00 . Memory (MB): peak = 1280.695 ; gain = 0.000
INFO: [Project 1-570] Preparing netlist for logic optimization
INFO: [Opt 31-138] Pushed 0 inverter(s) to 0 load pin(s).
Netlist sorting complete. Time (s): cpu = 00:00:00 ; elapsed = 00:00:00 . Memory (MB): peak = 1280.695 ; gain = 0.000
INFO: [Project 1-111] Unisim Transformation Summary:
No Unisim elements were transformed.

Synth Design complete, checksum: 8b9bcebe
INFO: [Common 17-83] Releasing license: Synthesis
18 Infos, 9 Warnings, 0 Critical Warnings and 0 Errors encountered.
synth_design completed successfully
synth_design: Time (s): cpu = 00:00:18 ; elapsed = 00:00:19 . Memory (MB): peak = 1280.695 ; gain = 0.000
INFO: [Common 17-1381] The checkpoint 'C:/Users/student/project_4_Denis_Mihnea/project_4_Denis_Mihnea.runs/synth_1/sumator16.dcp' has been generated.
INFO: [runtcl-4] Executing : report_utilization -file sumator16_utilization_synth.rpt -pb sumator16_utilization_synth.pb
INFO: [Common 17-206] Exiting Vivado at Wed Mar 29 11:08:38 2023...
