
*** Running vivado
    with args -log figura3_3_afisare_7seg_0_0.vds -m64 -product Vivado -mode batch -messageDb vivado.pb -notrace -source figura3_3_afisare_7seg_0_0.tcl



****** Vivado v2022.2 (64-bit)
  **** SW Build 3671981 on Fri Oct 14 05:00:03 MDT 2022
  **** IP Build 3669848 on Fri Oct 14 08:30:02 MDT 2022
    ** Copyright 1986-2022 Xilinx, Inc. All Rights Reserved.

source figura3_3_afisare_7seg_0_0.tcl -notrace
create_project: Time (s): cpu = 00:00:05 ; elapsed = 00:00:06 . Memory (MB): peak = 382.055 ; gain = 62.285
INFO: [IP_Flow 19-234] Refreshing IP repositories
INFO: [IP_Flow 19-1704] No user IP repositories specified
INFO: [IP_Flow 19-2313] Loaded Vivado IP repository 'C:/Xilinx/Vivado/2022.2/data/ip'.
INFO: [IP_Flow 19-6924] IPCACHE: Running cache check for IP inst: figura3_3_afisare_7seg_0_0
Command: synth_design -top figura3_3_afisare_7seg_0_0 -part xc7a100tcsg324-1 -incremental_mode off -mode out_of_context
Starting synth_design
Attempting to get a license for feature 'Synthesis' and/or device 'xc7a100t'
INFO: [Common 17-349] Got license for feature 'Synthesis' and/or device 'xc7a100t'
INFO: [Designutils 20-5008] Incremental synthesis strategy off
INFO: [Synth 8-7079] Multithreading enabled for synth_design using a maximum of 2 processes.
INFO: [Synth 8-7078] Launching helper process for spawning children vivado processes
INFO: [Synth 8-7075] Helper process launched with PID 6868
INFO: [Synth 8-11241] undeclared symbol 'REGCCE', assumed default net type 'wire' [C:/Xilinx/Vivado/2022.2/data/verilog/src/unimacro/BRAM_SINGLE_MACRO.v:2170]
---------------------------------------------------------------------------------
Starting Synthesize : Time (s): cpu = 00:00:03 ; elapsed = 00:00:06 . Memory (MB): peak = 830.922 ; gain = 410.141
---------------------------------------------------------------------------------
INFO: [Synth 8-6157] synthesizing module 'figura3_3_afisare_7seg_0_0' [c:/Users/sf/Desktop/emma/an2/sem2/soc/lab3/project/project/project.gen/sources_1/bd/figura3_3/ip/figura3_3_afisare_7seg_0_0/synth/figura3_3_afisare_7seg_0_0.v:53]
INFO: [Synth 8-6157] synthesizing module 'afisare_7seg' [C:/Users/sf/Desktop/emma/an2/sem2/soc/lab3/project/project/project.srcs/sources_1/new/afisare_7seg.v:4]
INFO: [Synth 8-226] default block is never used [C:/Users/sf/Desktop/emma/an2/sem2/soc/lab3/project/project/project.srcs/sources_1/new/afisare_7seg.v:31]
INFO: [Synth 8-6155] done synthesizing module 'afisare_7seg' (0#1) [C:/Users/sf/Desktop/emma/an2/sem2/soc/lab3/project/project/project.srcs/sources_1/new/afisare_7seg.v:4]
INFO: [Synth 8-6155] done synthesizing module 'figura3_3_afisare_7seg_0_0' (0#1) [c:/Users/sf/Desktop/emma/an2/sem2/soc/lab3/project/project/project.gen/sources_1/bd/figura3_3/ip/figura3_3_afisare_7seg_0_0/synth/figura3_3_afisare_7seg_0_0.v:53]
WARNING: [Synth 8-6014] Unused sequential element BCD_reg was removed.  [C:/Users/sf/Desktop/emma/an2/sem2/soc/lab3/project/project/project.srcs/sources_1/new/afisare_7seg.v:23]
---------------------------------------------------------------------------------
Finished Synthesize : Time (s): cpu = 00:00:05 ; elapsed = 00:00:07 . Memory (MB): peak = 920.258 ; gain = 499.477
---------------------------------------------------------------------------------
---------------------------------------------------------------------------------
Finished Constraint Validation : Time (s): cpu = 00:00:06 ; elapsed = 00:00:08 . Memory (MB): peak = 920.258 ; gain = 499.477
---------------------------------------------------------------------------------
---------------------------------------------------------------------------------
Start Loading Part and Timing Information
---------------------------------------------------------------------------------
Loading part: xc7a100tcsg324-1
---------------------------------------------------------------------------------
Finished Loading Part and Timing Information : Time (s): cpu = 00:00:06 ; elapsed = 00:00:08 . Memory (MB): peak = 920.258 ; gain = 499.477
---------------------------------------------------------------------------------
INFO: [Device 21-403] Loading part xc7a100tcsg324-1
---------------------------------------------------------------------------------
Finished RTL Optimization Phase 2 : Time (s): cpu = 00:00:06 ; elapsed = 00:00:08 . Memory (MB): peak = 920.258 ; gain = 499.477
---------------------------------------------------------------------------------
No constraint files found.
---------------------------------------------------------------------------------
Start RTL Component Statistics 
---------------------------------------------------------------------------------
Detailed RTL Component Info : 
+---Adders : 
	   2 Input    2 Bit       Adders := 1     
+---Registers : 
	                8 Bit    Registers := 1     
	                7 Bit    Registers := 1     
	                2 Bit    Registers := 1     
	                1 Bit    Registers := 1     
+---Muxes : 
	   4 Input    4 Bit        Muxes := 2     
---------------------------------------------------------------------------------
Finished RTL Component Statistics 
---------------------------------------------------------------------------------
---------------------------------------------------------------------------------
Start Part Resource Summary
---------------------------------------------------------------------------------
Part Resources:
DSPs: 240 (col length:80)
BRAMs: 270 (col length: RAMB18 80 RAMB36 40)
---------------------------------------------------------------------------------
Finished Part Resource Summary
---------------------------------------------------------------------------------
No constraint files found.
---------------------------------------------------------------------------------
Start Cross Boundary and Area Optimization
---------------------------------------------------------------------------------
WARNING: [Synth 8-7080] Parallel synthesis criteria is not met
---------------------------------------------------------------------------------
Finished Cross Boundary and Area Optimization : Time (s): cpu = 00:00:10 ; elapsed = 00:00:15 . Memory (MB): peak = 1123.859 ; gain = 703.078
---------------------------------------------------------------------------------
No constraint files found.
---------------------------------------------------------------------------------
Start Timing Optimization
---------------------------------------------------------------------------------
---------------------------------------------------------------------------------
Finished Timing Optimization : Time (s): cpu = 00:00:10 ; elapsed = 00:00:15 . Memory (MB): peak = 1125.801 ; gain = 705.020
---------------------------------------------------------------------------------
---------------------------------------------------------------------------------
Start Technology Mapping
---------------------------------------------------------------------------------
---------------------------------------------------------------------------------
Finished Technology Mapping : Time (s): cpu = 00:00:10 ; elapsed = 00:00:15 . Memory (MB): peak = 1125.961 ; gain = 705.180
---------------------------------------------------------------------------------
---------------------------------------------------------------------------------
Start IO Insertion
---------------------------------------------------------------------------------
---------------------------------------------------------------------------------
Start Flattening Before IO Insertion
---------------------------------------------------------------------------------
---------------------------------------------------------------------------------
Finished Flattening Before IO Insertion
---------------------------------------------------------------------------------
---------------------------------------------------------------------------------
Start Final Netlist Cleanup
---------------------------------------------------------------------------------
---------------------------------------------------------------------------------
Finished Final Netlist Cleanup
---------------------------------------------------------------------------------
---------------------------------------------------------------------------------
Finished IO Insertion : Time (s): cpu = 00:00:16 ; elapsed = 00:00:27 . Memory (MB): peak = 1126.801 ; gain = 706.020
---------------------------------------------------------------------------------
---------------------------------------------------------------------------------
Start Renaming Generated Instances
---------------------------------------------------------------------------------
---------------------------------------------------------------------------------
Finished Renaming Generated Instances : Time (s): cpu = 00:00:16 ; elapsed = 00:00:27 . Memory (MB): peak = 1126.801 ; gain = 706.020
---------------------------------------------------------------------------------
---------------------------------------------------------------------------------
Start Rebuilding User Hierarchy
---------------------------------------------------------------------------------
---------------------------------------------------------------------------------
Finished Rebuilding User Hierarchy : Time (s): cpu = 00:00:16 ; elapsed = 00:00:27 . Memory (MB): peak = 1126.801 ; gain = 706.020
---------------------------------------------------------------------------------
---------------------------------------------------------------------------------
Start Renaming Generated Ports
---------------------------------------------------------------------------------
---------------------------------------------------------------------------------
Finished Renaming Generated Ports : Time (s): cpu = 00:00:16 ; elapsed = 00:00:27 . Memory (MB): peak = 1126.801 ; gain = 706.020
---------------------------------------------------------------------------------
---------------------------------------------------------------------------------
Start Handling Custom Attributes
---------------------------------------------------------------------------------
---------------------------------------------------------------------------------
Finished Handling Custom Attributes : Time (s): cpu = 00:00:16 ; elapsed = 00:00:27 . Memory (MB): peak = 1126.801 ; gain = 706.020
---------------------------------------------------------------------------------
---------------------------------------------------------------------------------
Start Renaming Generated Nets
---------------------------------------------------------------------------------
---------------------------------------------------------------------------------
Finished Renaming Generated Nets : Time (s): cpu = 00:00:16 ; elapsed = 00:00:27 . Memory (MB): peak = 1126.801 ; gain = 706.020
---------------------------------------------------------------------------------
---------------------------------------------------------------------------------
Start Writing Synthesis Report
---------------------------------------------------------------------------------

Report BlackBoxes: 
+-+--------------+----------+
| |BlackBox name |Instances |
+-+--------------+----------+
+-+--------------+----------+

Report Cell Usage: 
+------+-----+------+
|      |Cell |Count |
+------+-----+------+
|1     |LUT2 |     3|
|2     |LUT3 |     5|
|3     |LUT4 |     7|
|4     |LUT6 |     4|
|5     |FDRE |    14|
+------+-----+------+

Report Instance Areas: 
+------+---------+-------------+------+
|      |Instance |Module       |Cells |
+------+---------+-------------+------+
|1     |top      |             |    33|
|2     |  inst   |afisare_7seg |    33|
+------+---------+-------------+------+
---------------------------------------------------------------------------------
Finished Writing Synthesis Report : Time (s): cpu = 00:00:16 ; elapsed = 00:00:27 . Memory (MB): peak = 1126.801 ; gain = 706.020
---------------------------------------------------------------------------------
Synthesis finished with 0 errors, 0 critical warnings and 2 warnings.
Synthesis Optimization Runtime : Time (s): cpu = 00:00:16 ; elapsed = 00:00:27 . Memory (MB): peak = 1126.801 ; gain = 706.020
Synthesis Optimization Complete : Time (s): cpu = 00:00:16 ; elapsed = 00:00:27 . Memory (MB): peak = 1126.801 ; gain = 706.020
INFO: [Project 1-571] Translating synthesized netlist
Netlist sorting complete. Time (s): cpu = 00:00:00 ; elapsed = 00:00:00.001 . Memory (MB): peak = 1138.840 ; gain = 0.000
INFO: [Project 1-570] Preparing netlist for logic optimization
INFO: [Opt 31-138] Pushed 0 inverter(s) to 0 load pin(s).
Netlist sorting complete. Time (s): cpu = 00:00:00 ; elapsed = 00:00:00 . Memory (MB): peak = 1237.117 ; gain = 0.000
INFO: [Project 1-111] Unisim Transformation Summary:
No Unisim elements were transformed.

Synth Design complete, checksum: 1f160cfb
INFO: [Common 17-83] Releasing license: Synthesis
21 Infos, 2 Warnings, 0 Critical Warnings and 0 Errors encountered.
synth_design completed successfully
synth_design: Time (s): cpu = 00:00:19 ; elapsed = 00:00:32 . Memory (MB): peak = 1237.117 ; gain = 822.340
INFO: [Timing 38-35] Done setting XDC timing constraints.
INFO: [Common 17-1381] The checkpoint 'C:/Users/sf/Desktop/emma/an2/sem2/soc/lab3/project/project/project.runs/figura3_3_afisare_7seg_0_0_synth_1/figura3_3_afisare_7seg_0_0.dcp' has been generated.
write_checkpoint: Time (s): cpu = 00:00:07 ; elapsed = 00:00:17 . Memory (MB): peak = 1574.602 ; gain = 337.484
INFO: [Coretcl 2-1648] Added synthesis output to IP cache for IP figura3_3_afisare_7seg_0_0, cache-ID = cf21f0af7134a108
INFO: [Common 17-1381] The checkpoint 'C:/Users/sf/Desktop/emma/an2/sem2/soc/lab3/project/project/project.runs/figura3_3_afisare_7seg_0_0_synth_1/figura3_3_afisare_7seg_0_0.dcp' has been generated.
INFO: [runtcl-4] Executing : report_utilization -file figura3_3_afisare_7seg_0_0_utilization_synth.rpt -pb figura3_3_afisare_7seg_0_0_utilization_synth.pb
INFO: [Common 17-206] Exiting Vivado at Thu Mar 16 16:16:10 2023...
